<?xml version="1.0" encoding="UTF-8"?>
<testsuite xmlns:xsi="http://www.w3.org/2001/XMLSchema-instance" xsi:noNamespaceSchemaLocation="https://maven.apache.org/surefire/maven-surefire-plugin/xsd/surefire-test-report-3.0.xsd" version="3.0" name="edu.lehigh.cse216.knights.backend.AppTest" time="0.026" tests="1" errors="0" skipped="0" failures="0">
  <properties>
    <property name="java.specification.version" value="17"/>
    <property name="sun.cpu.isalist" value="amd64"/>
    <property name="sun.jnu.encoding" value="Cp1252"/>
    <property name="java.class.path" value="C:\Users\josep\cs216\cse216-2023fa-team-25\target\test-classes;C:\Users\josep\cs216\cse216-2023fa-team-25\target\classes;C:\Users\josep\.m2\repository\junit\junit\3.8.1\junit-3.8.1.jar;C:\Users\josep\.m2\repository\com\sparkjava\spark-core\2.9.4\spark-core-2.9.4.jar;C:\Users\josep\.m2\repository\org\eclipse\jetty\jetty-server\9.4.48.v20220622\jetty-server-9.4.48.v20220622.jar;C:\Users\josep\.m2\repository\javax\servlet\javax.servlet-api\3.1.0\javax.servlet-api-3.1.0.jar;C:\Users\josep\.m2\repository\org\eclipse\jetty\jetty-http\9.4.48.v20220622\jetty-http-9.4.48.v20220622.jar;C:\Users\josep\.m2\repository\org\eclipse\jetty\jetty-util\9.4.48.v20220622\jetty-util-9.4.48.v20220622.jar;C:\Users\josep\.m2\repository\org\eclipse\jetty\jetty-io\9.4.48.v20220622\jetty-io-9.4.48.v20220622.jar;C:\Users\josep\.m2\repository\org\eclipse\jetty\jetty-webapp\9.4.48.v20220622\jetty-webapp-9.4.48.v20220622.jar;C:\Users\josep\.m2\repository\org\eclipse\jetty\jetty-xml\9.4.48.v20220622\jetty-xml-9.4.48.v20220622.jar;C:\Users\josep\.m2\repository\org\eclipse\jetty\jetty-servlet\9.4.48.v20220622\jetty-servlet-9.4.48.v20220622.jar;C:\Users\josep\.m2\repository\org\eclipse\jetty\jetty-security\9.4.48.v20220622\jetty-security-9.4.48.v20220622.jar;C:\Users\josep\.m2\repository\org\eclipse\jetty\jetty-util-ajax\9.4.48.v20220622\jetty-util-ajax-9.4.48.v20220622.jar;C:\Users\josep\.m2\repository\org\eclipse\jetty\websocket\websocket-server\9.4.48.v20220622\websocket-server-9.4.48.v20220622.jar;C:\Users\josep\.m2\repository\org\eclipse\jetty\websocket\websocket-common\9.4.48.v20220622\websocket-common-9.4.48.v20220622.jar;C:\Users\josep\.m2\repository\org\eclipse\jetty\websocket\websocket-client\9.4.48.v20220622\websocket-client-9.4.48.v20220622.jar;C:\Users\josep\.m2\repository\org\eclipse\jetty\jetty-client\9.4.48.v20220622\jetty-client-9.4.48.v20220622.jar;C:\Users\josep\.m2\repository\org\eclipse\jetty\websocket\websocket-servlet\9.4.48.v20220622\websocket-servlet-9.4.48.v20220622.jar;C:\Users\josep\.m2\repository\org\eclipse\jetty\websocket\websocket-api\9.4.48.v20220622\websocket-api-9.4.48.v20220622.jar;C:\Users\josep\.m2\repository\org\slf4j\slf4j-api\2.0.7\slf4j-api-2.0.7.jar;C:\Users\josep\.m2\repository\org\slf4j\slf4j-simple\2.0.7\slf4j-simple-2.0.7.jar;C:\Users\josep\.m2\repository\com\google\code\gson\gson\2.8.9\gson-2.8.9.jar;C:\Users\josep\.m2\repository\org\postgresql\postgresql\42.5.4\postgresql-42.5.4.jar;C:\Users\josep\.m2\repository\org\checkerframework\checker-qual\3.5.0\checker-qual-3.5.0.jar;C:\Users\josep\.m2\repository\com\google\api-client\google-api-client\2.2.0\google-api-client-2.2.0.jar;C:\Users\josep\.m2\repository\commons-codec\commons-codec\1.15\commons-codec-1.15.jar;C:\Users\josep\.m2\repository\com\google\oauth-client\google-oauth-client\1.34.1\google-oauth-client-1.34.1.jar;C:\Users\josep\.m2\repository\com\google\http-client\google-http-client-gson\1.42.3\google-http-client-gson-1.42.3.jar;C:\Users\josep\.m2\repository\com\google\guava\guava\31.1-jre\guava-31.1-jre.jar;C:\Users\josep\.m2\repository\com\google\http-client\google-http-client-apache-v2\1.42.3\google-http-client-apache-v2-1.42.3.jar;C:\Users\josep\.m2\repository\org\apache\httpcomponents\httpcore\4.4.16\httpcore-4.4.16.jar;C:\Users\josep\.m2\repository\org\apache\httpcomponents\httpclient\4.5.14\httpclient-4.5.14.jar;C:\Users\josep\.m2\repository\commons-logging\commons-logging\1.2\commons-logging-1.2.jar;C:\Users\josep\.m2\repository\com\google\http-client\google-http-client\1.42.3\google-http-client-1.42.3.jar;C:\Users\josep\.m2\repository\com\google\oauth-client\google-oauth-client-jetty\1.23.0\google-oauth-client-jetty-1.23.0.jar;C:\Users\josep\.m2\repository\com\google\oauth-client\google-oauth-client-java6\1.23.0\google-oauth-client-java6-1.23.0.jar;C:\Users\josep\.m2\repository\org\mortbay\jetty\jetty\6.1.26\jetty-6.1.26.jar;C:\Users\josep\.m2\repository\org\mortbay\jetty\jetty-util\6.1.26\jetty-util-6.1.26.jar;C:\Users\josep\.m2\repository\org\mortbay\jetty\servlet-api\2.5-20081211\servlet-api-2.5-20081211.jar;C:\Users\josep\.m2\repository\com\google\cloud\google-cloud-storage\2.29.1\google-cloud-storage-2.29.1.jar;C:\Users\josep\.m2\repository\com\google\guava\failureaccess\1.0.1\failureaccess-1.0.1.jar;C:\Users\josep\.m2\repository\com\google\guava\listenablefuture\9999.0-empty-to-avoid-conflict-with-guava\listenablefuture-9999.0-empty-to-avoid-conflict-with-guava.jar;C:\Users\josep\.m2\repository\com\google\errorprone\error_prone_annotations\2.22.0\error_prone_annotations-2.22.0.jar;C:\Users\josep\.m2\repository\com\google\j2objc\j2objc-annotations\2.8\j2objc-annotations-2.8.jar;C:\Users\josep\.m2\repository\io\opencensus\opencensus-contrib-http-util\0.31.1\opencensus-contrib-http-util-0.31.1.jar;C:\Users\josep\.m2\repository\com\google\http-client\google-http-client-jackson2\1.43.3\google-http-client-jackson2-1.43.3.jar;C:\Users\josep\.m2\repository\com\google\apis\google-api-services-storage\v1-rev20231028-2.0.0\google-api-services-storage-v1-rev20231028-2.0.0.jar;C:\Users\josep\.m2\repository\com\google\cloud\google-cloud-core\2.27.0\google-cloud-core-2.27.0.jar;C:\Users\josep\.m2\repository\com\google\auto\value\auto-value-annotations\1.10.4\auto-value-annotations-1.10.4.jar;C:\Users\josep\.m2\repository\com\google\cloud\google-cloud-core-http\2.27.0\google-cloud-core-http-2.27.0.jar;C:\Users\josep\.m2\repository\com\google\http-client\google-http-client-appengine\1.43.3\google-http-client-appengine-1.43.3.jar;C:\Users\josep\.m2\repository\com\google\api\gax-httpjson\2.37.0\gax-httpjson-2.37.0.jar;C:\Users\josep\.m2\repository\com\google\cloud\google-cloud-core-grpc\2.27.0\google-cloud-core-grpc-2.27.0.jar;C:\Users\josep\.m2\repository\com\google\api\gax\2.37.0\gax-2.37.0.jar;C:\Users\josep\.m2\repository\com\google\api\gax-grpc\2.37.0\gax-grpc-2.37.0.jar;C:\Users\josep\.m2\repository\io\grpc\grpc-inprocess\1.59.0\grpc-inprocess-1.59.0.jar;C:\Users\josep\.m2\repository\io\grpc\grpc-alts\1.59.0\grpc-alts-1.59.0.jar;C:\Users\josep\.m2\repository\io\grpc\grpc-grpclb\1.59.0\grpc-grpclb-1.59.0.jar;C:\Users\josep\.m2\repository\org\conscrypt\conscrypt-openjdk-uber\2.5.2\conscrypt-openjdk-uber-2.5.2.jar;C:\Users\josep\.m2\repository\io\grpc\grpc-auth\1.59.0\grpc-auth-1.59.0.jar;C:\Users\josep\.m2\repository\io\grpc\grpc-protobuf\1.59.0\grpc-protobuf-1.59.0.jar;C:\Users\josep\.m2\repository\io\grpc\grpc-protobuf-lite\1.59.0\grpc-protobuf-lite-1.59.0.jar;C:\Users\josep\.m2\repository\com\google\auth\google-auth-library-credentials\1.20.0\google-auth-library-credentials-1.20.0.jar;C:\Users\josep\.m2\repository\com\google\auth\google-auth-library-oauth2-http\1.20.0\google-auth-library-oauth2-http-1.20.0.jar;C:\Users\josep\.m2\repository\com\google\api\api-common\2.20.0\api-common-2.20.0.jar;C:\Users\josep\.m2\repository\javax\annotation\javax.annotation-api\1.3.2\javax.annotation-api-1.3.2.jar;C:\Users\josep\.m2\repository\io\opencensus\opencensus-api\0.31.1\opencensus-api-0.31.1.jar;C:\Users\josep\.m2\repository\io\grpc\grpc-context\1.59.0\grpc-context-1.59.0.jar;C:\Users\josep\.m2\repository\com\google\api\grpc\proto-google-iam-v1\1.23.0\proto-google-iam-v1-1.23.0.jar;C:\Users\josep\.m2\repository\com\google\protobuf\protobuf-java\3.24.4\protobuf-java-3.24.4.jar;C:\Users\josep\.m2\repository\com\google\protobuf\protobuf-java-util\3.24.4\protobuf-java-util-3.24.4.jar;C:\Users\josep\.m2\repository\com\google\api\grpc\proto-google-common-protos\2.28.0\proto-google-common-protos-2.28.0.jar;C:\Users\josep\.m2\repository\org\threeten\threetenbp\1.6.8\threetenbp-1.6.8.jar;C:\Users\josep\.m2\repository\com\google\api\grpc\proto-google-cloud-storage-v2\2.29.1-alpha\proto-google-cloud-storage-v2-2.29.1-alpha.jar;C:\Users\josep\.m2\repository\com\google\api\grpc\grpc-google-cloud-storage-v2\2.29.1-alpha\grpc-google-cloud-storage-v2-2.29.1-alpha.jar;C:\Users\josep\.m2\repository\com\google\api\grpc\gapic-google-cloud-storage-v2\2.29.1-alpha\gapic-google-cloud-storage-v2-2.29.1-alpha.jar;C:\Users\josep\.m2\repository\com\fasterxml\jackson\core\jackson-core\2.15.3\jackson-core-2.15.3.jar;C:\Users\josep\.m2\repository\com\google\code\findbugs\jsr305\3.0.2\jsr305-3.0.2.jar;C:\Users\josep\.m2\repository\io\grpc\grpc-api\1.59.0\grpc-api-1.59.0.jar;C:\Users\josep\.m2\repository\io\grpc\grpc-netty-shaded\1.59.0\grpc-netty-shaded-1.59.0.jar;C:\Users\josep\.m2\repository\io\perfmark\perfmark-api\0.26.0\perfmark-api-0.26.0.jar;C:\Users\josep\.m2\repository\io\grpc\grpc-core\1.59.0\grpc-core-1.59.0.jar;C:\Users\josep\.m2\repository\com\google\android\annotations\4.1.1.4\annotations-4.1.1.4.jar;C:\Users\josep\.m2\repository\org\codehaus\mojo\animal-sniffer-annotations\1.23\animal-sniffer-annotations-1.23.jar;C:\Users\josep\.m2\repository\io\grpc\grpc-stub\1.59.0\grpc-stub-1.59.0.jar;C:\Users\josep\.m2\repository\io\grpc\grpc-googleapis\1.59.0\grpc-googleapis-1.59.0.jar;C:\Users\josep\.m2\repository\io\grpc\grpc-xds\1.59.0\grpc-xds-1.59.0.jar;C:\Users\josep\.m2\repository\io\opencensus\opencensus-proto\0.2.0\opencensus-proto-0.2.0.jar;C:\Users\josep\.m2\repository\io\grpc\grpc-services\1.59.0\grpc-services-1.59.0.jar;C:\Users\josep\.m2\repository\com\google\re2j\re2j\1.7\re2j-1.7.jar;C:\Users\josep\.m2\repository\io\grpc\grpc-rls\1.59.0\grpc-rls-1.59.0.jar;C:\Users\josep\.m2\repository\io\grpc\grpc-util\1.59.0\grpc-util-1.59.0.jar;C:\Users\josep\.m2\repository\com\googlecode\xmemcached\xmemcached\2.4.8\xmemcached-2.4.8.jar;"/>
    <property name="java.vm.vendor" value="Oracle Corporation"/>
    <property name="sun.arch.data.model" value="64"/>
    <property name="user.variant" value=""/>
    <property name="java.vendor.url" value="https://java.oracle.com/"/>
    <property name="user.timezone" value="America/New_York"/>
    <property name="os.name" value="Windows 10"/>
    <property name="java.vm.specification.version" value="17"/>
    <property name="sun.java.launcher" value="SUN_STANDARD"/>
    <property name="user.country" value="US"/>
    <property name="sun.boot.library.path" value="C:\Program Files\Java\jdk-17\bin"/>
    <property name="sun.java.command" value="C:\Users\josep\AppData\Local\Temp\surefire11946091971463989487\surefirebooter-20231130221933173_3.jar C:\Users\josep\AppData\Local\Temp\surefire11946091971463989487 2023-11-30T22-19-32_952-jvmRun1 surefire-20231130221933173_1tmp surefire_0-20231130221933173_2tmp"/>
    <property name="jdk.debug" value="release"/>
    <property name="surefire.test.class.path" value="C:\Users\josep\cs216\cse216-2023fa-team-25\target\test-classes;C:\Users\josep\cs216\cse216-2023fa-team-25\target\classes;C:\Users\josep\.m2\repository\junit\junit\3.8.1\junit-3.8.1.jar;C:\Users\josep\.m2\repository\com\sparkjava\spark-core\2.9.4\spark-core-2.9.4.jar;C:\Users\josep\.m2\repository\org\eclipse\jetty\jetty-server\9.4.48.v20220622\jetty-server-9.4.48.v20220622.jar;C:\Users\josep\.m2\repository\javax\servlet\javax.servlet-api\3.1.0\javax.servlet-api-3.1.0.jar;C:\Users\josep\.m2\repository\org\eclipse\jetty\jetty-http\9.4.48.v20220622\jetty-http-9.4.48.v20220622.jar;C:\Users\josep\.m2\repository\org\eclipse\jetty\jetty-util\9.4.48.v20220622\jetty-util-9.4.48.v20220622.jar;C:\Users\josep\.m2\repository\org\eclipse\jetty\jetty-io\9.4.48.v20220622\jetty-io-9.4.48.v20220622.jar;C:\Users\josep\.m2\repository\org\eclipse\jetty\jetty-webapp\9.4.48.v20220622\jetty-webapp-9.4.48.v20220622.jar;C:\Users\josep\.m2\repository\org\eclipse\jetty\jetty-xml\9.4.48.v20220622\jetty-xml-9.4.48.v20220622.jar;C:\Users\josep\.m2\repository\org\eclipse\jetty\jetty-servlet\9.4.48.v20220622\jetty-servlet-9.4.48.v20220622.jar;C:\Users\josep\.m2\repository\org\eclipse\jetty\jetty-security\9.4.48.v20220622\jetty-security-9.4.48.v20220622.jar;C:\Users\josep\.m2\repository\org\eclipse\jetty\jetty-util-ajax\9.4.48.v20220622\jetty-util-ajax-9.4.48.v20220622.jar;C:\Users\josep\.m2\repository\org\eclipse\jetty\websocket\websocket-server\9.4.48.v20220622\websocket-server-9.4.48.v20220622.jar;C:\Users\josep\.m2\repository\org\eclipse\jetty\websocket\websocket-common\9.4.48.v20220622\websocket-common-9.4.48.v20220622.jar;C:\Users\josep\.m2\repository\org\eclipse\jetty\websocket\websocket-client\9.4.48.v20220622\websocket-client-9.4.48.v20220622.jar;C:\Users\josep\.m2\repository\org\eclipse\jetty\jetty-client\9.4.48.v20220622\jetty-client-9.4.48.v20220622.jar;C:\Users\josep\.m2\repository\org\eclipse\jetty\websocket\websocket-servlet\9.4.48.v20220622\websocket-servlet-9.4.48.v20220622.jar;C:\Users\josep\.m2\repository\org\eclipse\jetty\websocket\websocket-api\9.4.48.v20220622\websocket-api-9.4.48.v20220622.jar;C:\Users\josep\.m2\repository\org\slf4j\slf4j-api\2.0.7\slf4j-api-2.0.7.jar;C:\Users\josep\.m2\repository\org\slf4j\slf4j-simple\2.0.7\slf4j-simple-2.0.7.jar;C:\Users\josep\.m2\repository\com\google\code\gson\gson\2.8.9\gson-2.8.9.jar;C:\Users\josep\.m2\repository\org\postgresql\postgresql\42.5.4\postgresql-42.5.4.jar;C:\Users\josep\.m2\repository\org\checkerframework\checker-qual\3.5.0\checker-qual-3.5.0.jar;C:\Users\josep\.m2\repository\com\google\api-client\google-api-client\2.2.0\google-api-client-2.2.0.jar;C:\Users\josep\.m2\repository\commons-codec\commons-codec\1.15\commons-codec-1.15.jar;C:\Users\josep\.m2\repository\com\google\oauth-client\google-oauth-client\1.34.1\google-oauth-client-1.34.1.jar;C:\Users\josep\.m2\repository\com\google\http-client\google-http-client-gson\1.42.3\google-http-client-gson-1.42.3.jar;C:\Users\josep\.m2\repository\com\google\guava\guava\31.1-jre\guava-31.1-jre.jar;C:\Users\josep\.m2\repository\com\google\http-client\google-http-client-apache-v2\1.42.3\google-http-client-apache-v2-1.42.3.jar;C:\Users\josep\.m2\repository\org\apache\httpcomponents\httpcore\4.4.16\httpcore-4.4.16.jar;C:\Users\josep\.m2\repository\org\apache\httpcomponents\httpclient\4.5.14\httpclient-4.5.14.jar;C:\Users\josep\.m2\repository\commons-logging\commons-logging\1.2\commons-logging-1.2.jar;C:\Users\josep\.m2\repository\com\google\http-client\google-http-client\1.42.3\google-http-client-1.42.3.jar;C:\Users\josep\.m2\repository\com\google\oauth-client\google-oauth-client-jetty\1.23.0\google-oauth-client-jetty-1.23.0.jar;C:\Users\josep\.m2\repository\com\google\oauth-client\google-oauth-client-java6\1.23.0\google-oauth-client-java6-1.23.0.jar;C:\Users\josep\.m2\repository\org\mortbay\jetty\jetty\6.1.26\jetty-6.1.26.jar;C:\Users\josep\.m2\repository\org\mortbay\jetty\jetty-util\6.1.26\jetty-util-6.1.26.jar;C:\Users\josep\.m2\repository\org\mortbay\jetty\servlet-api\2.5-20081211\servlet-api-2.5-20081211.jar;C:\Users\josep\.m2\repository\com\google\cloud\google-cloud-storage\2.29.1\google-cloud-storage-2.29.1.jar;C:\Users\josep\.m2\repository\com\google\guava\failureaccess\1.0.1\failureaccess-1.0.1.jar;C:\Users\josep\.m2\repository\com\google\guava\listenablefuture\9999.0-empty-to-avoid-conflict-with-guava\listenablefuture-9999.0-empty-to-avoid-conflict-with-guava.jar;C:\Users\josep\.m2\repository\com\google\errorprone\error_prone_annotations\2.22.0\error_prone_annotations-2.22.0.jar;C:\Users\josep\.m2\repository\com\google\j2objc\j2objc-annotations\2.8\j2objc-annotations-2.8.jar;C:\Users\josep\.m2\repository\io\opencensus\opencensus-contrib-http-util\0.31.1\opencensus-contrib-http-util-0.31.1.jar;C:\Users\josep\.m2\repository\com\google\http-client\google-http-client-jackson2\1.43.3\google-http-client-jackson2-1.43.3.jar;C:\Users\josep\.m2\repository\com\google\apis\google-api-services-storage\v1-rev20231028-2.0.0\google-api-services-storage-v1-rev20231028-2.0.0.jar;C:\Users\josep\.m2\repository\com\google\cloud\google-cloud-core\2.27.0\google-cloud-core-2.27.0.jar;C:\Users\josep\.m2\repository\com\google\auto\value\auto-value-annotations\1.10.4\auto-value-annotations-1.10.4.jar;C:\Users\josep\.m2\repository\com\google\cloud\google-cloud-core-http\2.27.0\google-cloud-core-http-2.27.0.jar;C:\Users\josep\.m2\repository\com\google\http-client\google-http-client-appengine\1.43.3\google-http-client-appengine-1.43.3.jar;C:\Users\josep\.m2\repository\com\google\api\gax-httpjson\2.37.0\gax-httpjson-2.37.0.jar;C:\Users\josep\.m2\repository\com\google\cloud\google-cloud-core-grpc\2.27.0\google-cloud-core-grpc-2.27.0.jar;C:\Users\josep\.m2\repository\com\google\api\gax\2.37.0\gax-2.37.0.jar;C:\Users\josep\.m2\repository\com\google\api\gax-grpc\2.37.0\gax-grpc-2.37.0.jar;C:\Users\josep\.m2\repository\io\grpc\grpc-inprocess\1.59.0\grpc-inprocess-1.59.0.jar;C:\Users\josep\.m2\repository\io\grpc\grpc-alts\1.59.0\grpc-alts-1.59.0.jar;C:\Users\josep\.m2\repository\io\grpc\grpc-grpclb\1.59.0\grpc-grpclb-1.59.0.jar;C:\Users\josep\.m2\repository\org\conscrypt\conscrypt-openjdk-uber\2.5.2\conscrypt-openjdk-uber-2.5.2.jar;C:\Users\josep\.m2\repository\io\grpc\grpc-auth\1.59.0\grpc-auth-1.59.0.jar;C:\Users\josep\.m2\repository\io\grpc\grpc-protobuf\1.59.0\grpc-protobuf-1.59.0.jar;C:\Users\josep\.m2\repository\io\grpc\grpc-protobuf-lite\1.59.0\grpc-protobuf-lite-1.59.0.jar;C:\Users\josep\.m2\repository\com\google\auth\google-auth-library-credentials\1.20.0\google-auth-library-credentials-1.20.0.jar;C:\Users\josep\.m2\repository\com\google\auth\google-auth-library-oauth2-http\1.20.0\google-auth-library-oauth2-http-1.20.0.jar;C:\Users\josep\.m2\repository\com\google\api\api-common\2.20.0\api-common-2.20.0.jar;C:\Users\josep\.m2\repository\javax\annotation\javax.annotation-api\1.3.2\javax.annotation-api-1.3.2.jar;C:\Users\josep\.m2\repository\io\opencensus\opencensus-api\0.31.1\opencensus-api-0.31.1.jar;C:\Users\josep\.m2\repository\io\grpc\grpc-context\1.59.0\grpc-context-1.59.0.jar;C:\Users\josep\.m2\repository\com\google\api\grpc\proto-google-iam-v1\1.23.0\proto-google-iam-v1-1.23.0.jar;C:\Users\josep\.m2\repository\com\google\protobuf\protobuf-java\3.24.4\protobuf-java-3.24.4.jar;C:\Users\josep\.m2\repository\com\google\protobuf\protobuf-java-util\3.24.4\protobuf-java-util-3.24.4.jar;C:\Users\josep\.m2\repository\com\google\api\grpc\proto-google-common-protos\2.28.0\proto-google-common-protos-2.28.0.jar;C:\Users\josep\.m2\repository\org\threeten\threetenbp\1.6.8\threetenbp-1.6.8.jar;C:\Users\josep\.m2\repository\com\google\api\grpc\proto-google-cloud-storage-v2\2.29.1-alpha\proto-google-cloud-storage-v2-2.29.1-alpha.jar;C:\Users\josep\.m2\repository\com\google\api\grpc\grpc-google-cloud-storage-v2\2.29.1-alpha\grpc-google-cloud-storage-v2-2.29.1-alpha.jar;C:\Users\josep\.m2\repository\com\google\api\grpc\gapic-google-cloud-storage-v2\2.29.1-alpha\gapic-google-cloud-storage-v2-2.29.1-alpha.jar;C:\Users\josep\.m2\repository\com\fasterxml\jackson\core\jackson-core\2.15.3\jackson-core-2.15.3.jar;C:\Users\josep\.m2\repository\com\google\code\findbugs\jsr305\3.0.2\jsr305-3.0.2.jar;C:\Users\josep\.m2\repository\io\grpc\grpc-api\1.59.0\grpc-api-1.59.0.jar;C:\Users\josep\.m2\repository\io\grpc\grpc-netty-shaded\1.59.0\grpc-netty-shaded-1.59.0.jar;C:\Users\josep\.m2\repository\io\perfmark\perfmark-api\0.26.0\perfmark-api-0.26.0.jar;C:\Users\josep\.m2\repository\io\grpc\grpc-core\1.59.0\grpc-core-1.59.0.jar;C:\Users\josep\.m2\repository\com\google\android\annotations\4.1.1.4\annotations-4.1.1.4.jar;C:\Users\josep\.m2\repository\org\codehaus\mojo\animal-sniffer-annotations\1.23\animal-sniffer-annotations-1.23.jar;C:\Users\josep\.m2\repository\io\grpc\grpc-stub\1.59.0\grpc-stub-1.59.0.jar;C:\Users\josep\.m2\repository\io\grpc\grpc-googleapis\1.59.0\grpc-googleapis-1.59.0.jar;C:\Users\josep\.m2\repository\io\grpc\grpc-xds\1.59.0\grpc-xds-1.59.0.jar;C:\Users\josep\.m2\repository\io\opencensus\opencensus-proto\0.2.0\opencensus-proto-0.2.0.jar;C:\Users\josep\.m2\repository\io\grpc\grpc-services\1.59.0\grpc-services-1.59.0.jar;C:\Users\josep\.m2\repository\com\google\re2j\re2j\1.7\re2j-1.7.jar;C:\Users\josep\.m2\repository\io\grpc\grpc-rls\1.59.0\grpc-rls-1.59.0.jar;C:\Users\josep\.m2\repository\io\grpc\grpc-util\1.59.0\grpc-util-1.59.0.jar;C:\Users\josep\.m2\repository\com\googlecode\xmemcached\xmemcached\2.4.8\xmemcached-2.4.8.jar;"/>
    <property name="sun.cpu.endian" value="little"/>
    <property name="user.home" value="C:\Users\josep"/>
    <property name="user.language" value="en"/>
    <property name="java.specification.vendor" value="Oracle Corporation"/>
    <property name="java.version.date" value="2023-07-18"/>
    <property name="java.home" value="C:\Program Files\Java\jdk-17"/>
    <property name="file.separator" value="\"/>
    <property name="basedir" value="C:\Users\josep\cs216\cse216-2023fa-team-25"/>
    <property name="java.vm.compressedOopsMode" value="Zero based"/>
    <property name="line.separator" value="&#10;"/>
    <property name="java.vm.specification.vendor" value="Oracle Corporation"/>
    <property name="java.specification.name" value="Java Platform API Specification"/>
    <property name="surefire.real.class.path" value="C:\Users\josep\AppData\Local\Temp\surefire11946091971463989487\surefirebooter-20231130221933173_3.jar"/>
    <property name="user.script" value=""/>
    <property name="sun.management.compiler" value="HotSpot 64-Bit Tiered Compilers"/>
    <property name="java.runtime.version" value="17.0.8+9-LTS-211"/>
    <property name="user.name" value="josep"/>
    <property name="path.separator" value=";"/>
    <property name="os.version" value="10.0"/>
    <property name="java.runtime.name" value="Java(TM) SE Runtime Environment"/>
    <property name="file.encoding" value="Cp1252"/>
    <property name="java.vm.name" value="Java HotSpot(TM) 64-Bit Server VM"/>
    <property name="localRepository" value="C:\Users\josep\.m2\repository"/>
    <property name="java.vendor.url.bug" value="https://bugreport.java.com/bugreport/"/>
    <property name="java.io.tmpdir" value="C:\Users\josep\AppData\Local\Temp\"/>
    <property name="java.version" value="17.0.8"/>
    <property name="user.dir" value="C:\Users\josep\cs216\cse216-2023fa-team-25"/>
    <property name="os.arch" value="amd64"/>
    <property name="java.vm.specification.name" value="Java Virtual Machine Specification"/>
    <property name="sun.os.patch.level" value=""/>
    <property name="native.encoding" value="Cp1252"/>
    <property name="java.library.path" value="C:\Program Files\Java\jdk-17\bin;C:\WINDOWS\Sun\Java\bin;C:\WINDOWS\system32;C:\WINDOWS;C:\Program Files\Git\mingw64\bin;C:\Program Files\Git\usr\bin;C:\Program Files\Java\jdk-17\bin;C:\Program Files\Java\jdk-17\bin;C:\Python311\Scripts;C:\Python311;C:\WINDOWS\system32;C:\WINDOWS;C:\WINDOWS\System32\Wbem;C:\WINDOWS\System32\WindowsPowerShell\v1.0;C:\WINDOWS\System32\OpenSSH;C:\Program Files\Eclipse Adoptium\jdk-11.0.18.10-hotspot\bin;C:\Program Files\Git\cmd;C:\Program Files (x86)\NVIDIA Corporation\PhysX\Common;C:\ProgramData\chocolatey\bin;C:\Program Files\Common Files\Oracle\Java\javapath;C:\Users\josep\Downloads\apache-maven-3.9.4\bin;C:\Program Files\GitHub CLI;C:\Program Files\dotnet;C:\Program Files\nodejs;C:\Python311\python.exe;C:\Users\josep\scoop\shims;C:\Users\josep\.cargo\bin;C:\Users\josep\AppData\Local\Microsoft\WindowsApps;C:\Users\josep\AppData\Local\Programs\Microsoft VS Code\bin;C:\Users\josep\AppData\Local\GitHubDesktop\bin;C:\Program Files\Java\jdk-17\bin;C:\Program Files (x86)\GnuWin32\bin;C:\Users\josep\AppData\Local\Android\Sdk;C:\Users\josep\AppData\Local\Android\Sdk\cmdline-tools;C:\Users\josep\AppData\Local\Android\Sdk\platform-tools;C:\Users\josep\AppData\Local\Android\Sdk\cmdline-tools\bin;C:\Users\josep\AppData\Local\Android\Sdk\emulator;C:\Users\josep\devtools\flutter\bin;C:\Users\josep\AppData\Local\Android\Sdk\emulator;C:\usr\bin;C:\Users\josep\AppData\Local\Pub\Cache\bin;C:\Users\josep\AppData\Roaming\Python\Python311\Scripts;C:\Users\josep\AppData\Roaming\npm;C:\Users\josep\AppData\Local\Google\Cloud SDK\google-cloud-sdk\bin;."/>
    <property name="java.vm.info" value="mixed mode, sharing"/>
    <property name="java.vendor" value="Oracle Corporation"/>
    <property name="java.vm.version" value="17.0.8+9-LTS-211"/>
    <property name="sun.io.unicode.encoding" value="UnicodeLittle"/>
    <property name="java.class.version" value="61.0"/>
  </properties>
  <testcase name="testApp" classname="edu.lehigh.cse216.knights.backend.AppTest" time="0.002"/>
</testsuite>